<?xml version="1.0" encoding="UTF-8"?>
<testng-results ignored="0" total="2" passed="2" failed="0" skipped="0">
  <reporter-output>
  </reporter-output>
  <suite started-at="2025-10-31T13:29:24 IST" name="Suite" finished-at="2025-10-31T13:30:14 IST" duration-ms="50189">
    <groups>
      <group name="cucumber">
        <method signature="AbstractTestNGCucumberTests.runScenario(io.cucumber.testng.PickleWrapper,io.cucumber.testng.FeatureWrapper)[pri:0, instance:com.leaftaps.testcases.BDDTC001_VerifyLogin@117e949d]" name="runScenario" class="io.cucumber.testng.AbstractTestNGCucumberTests"/>
      </group> <!-- cucumber -->
    </groups>
    <test started-at="2025-10-31T13:29:24 IST" name="Test" finished-at="2025-10-31T13:30:14 IST" duration-ms="50189">
      <class name="com.leaftaps.testcases.BDDTC001_VerifyLogin">
        <test-method is-config="true" signature="startReport()[pri:0, instance:com.leaftaps.testcases.BDDTC001_VerifyLogin@117e949d]" started-at="2025-10-31T13:29:24 IST" name="startReport" finished-at="2025-10-31T13:29:24 IST" duration-ms="430" status="PASS">
          <reporter-output>
          </reporter-output>
        </test-method> <!-- startReport -->
        <test-method is-config="true" signature="setValues()[pri:0, instance:com.leaftaps.testcases.BDDTC001_VerifyLogin@117e949d]" started-at="2025-10-31T13:29:24 IST" name="setValues" finished-at="2025-10-31T13:29:24 IST" duration-ms="1" status="PASS">
          <reporter-output>
          </reporter-output>
        </test-method> <!-- setValues -->
        <test-method is-config="true" signature="setUpClass(org.testng.ITestContext)[pri:0, instance:com.leaftaps.testcases.BDDTC001_VerifyLogin@117e949d]" started-at="2025-10-31T13:29:24 IST" name="setUpClass" finished-at="2025-10-31T13:29:25 IST" duration-ms="1056" status="PASS">
          <params>
            <param index="0">
              <value>
                <![CDATA[org.testng.TestRunner@150d6eaf]]>
              </value>
            </param>
          </params>
          <reporter-output>
          </reporter-output>
        </test-method> <!-- setUpClass -->
        <test-method is-config="true" signature="startTestCase()[pri:0, instance:com.leaftaps.testcases.BDDTC001_VerifyLogin@117e949d]" started-at="2025-10-31T13:29:25 IST" name="startTestCase" finished-at="2025-10-31T13:29:25 IST" duration-ms="11" status="PASS">
          <reporter-output>
          </reporter-output>
        </test-method> <!-- startTestCase -->
        <test-method is-config="true" signature="preCondition()[pri:0, instance:com.leaftaps.testcases.BDDTC001_VerifyLogin@117e949d]" started-at="2025-10-31T13:29:25 IST" name="preCondition" finished-at="2025-10-31T13:29:35 IST" duration-ms="9493" status="PASS">
          <reporter-output>
          </reporter-output>
        </test-method> <!-- preCondition -->
        <test-method signature="runScenario(io.cucumber.testng.PickleWrapper,io.cucumber.testng.FeatureWrapper)[pri:0, instance:com.leaftaps.testcases.BDDTC001_VerifyLogin@117e949d]" started-at="2025-10-31T13:29:35 IST" name="runScenario" description="Runs Cucumber Scenarios" data-provider="scenarios" finished-at="2025-10-31T13:29:49 IST" duration-ms="14566" status="PASS">
          <params>
            <param index="0">
              <value>
                <![CDATA["The user tries to create new lead with the valid credentials"]]>
              </value>
            </param>
            <param index="1">
              <value>
                <![CDATA["Verifying the Create Lead funtionality of the CRM application"]]>
              </value>
            </param>
          </params>
          <reporter-output>
          </reporter-output>
        </test-method> <!-- runScenario -->
        <test-method is-config="true" signature="postCondition()[pri:0, instance:com.leaftaps.testcases.BDDTC001_VerifyLogin@117e949d]" started-at="2025-10-31T13:29:49 IST" name="postCondition" finished-at="2025-10-31T13:29:50 IST" duration-ms="435" status="PASS">
          <reporter-output>
          </reporter-output>
        </test-method> <!-- postCondition -->
        <test-method is-config="true" signature="preCondition()[pri:0, instance:com.leaftaps.testcases.BDDTC001_VerifyLogin@117e949d]" started-at="2025-10-31T13:29:50 IST" name="preCondition" finished-at="2025-10-31T13:29:55 IST" duration-ms="5576" status="PASS">
          <reporter-output>
          </reporter-output>
        </test-method> <!-- preCondition -->
        <test-method signature="runScenario(io.cucumber.testng.PickleWrapper,io.cucumber.testng.FeatureWrapper)[pri:0, instance:com.leaftaps.testcases.BDDTC001_VerifyLogin@117e949d]" started-at="2025-10-31T13:29:55 IST" name="runScenario" description="Runs Cucumber Scenarios" data-provider="scenarios" finished-at="2025-10-31T13:30:11 IST" duration-ms="16060" status="PASS">
          <params>
            <param index="0">
              <value>
                <![CDATA["The user tries to create new lead with the valid credentials"]]>
              </value>
            </param>
            <param index="1">
              <value>
                <![CDATA["Verifying the Create Lead funtionality of the CRM application"]]>
              </value>
            </param>
          </params>
          <reporter-output>
          </reporter-output>
        </test-method> <!-- runScenario -->
        <test-method is-config="true" signature="postCondition()[pri:0, instance:com.leaftaps.testcases.BDDTC001_VerifyLogin@117e949d]" started-at="2025-10-31T13:30:11 IST" name="postCondition" finished-at="2025-10-31T13:30:12 IST" duration-ms="387" status="PASS">
          <reporter-output>
          </reporter-output>
        </test-method> <!-- postCondition -->
        <test-method is-config="true" signature="tearDownClass()[pri:0, instance:com.leaftaps.testcases.BDDTC001_VerifyLogin@117e949d]" started-at="2025-10-31T13:30:12 IST" name="tearDownClass" finished-at="2025-10-31T13:30:14 IST" duration-ms="2517" status="PASS">
          <reporter-output>
          </reporter-output>
        </test-method> <!-- tearDownClass -->
        <test-method is-config="true" signature="endResult()[pri:0, instance:com.leaftaps.testcases.BDDTC001_VerifyLogin@117e949d]" started-at="2025-10-31T13:30:14 IST" name="endResult" finished-at="2025-10-31T13:30:15 IST" duration-ms="779" status="PASS">
          <reporter-output>
          </reporter-output>
        </test-method> <!-- endResult -->
      </class> <!-- com.leaftaps.testcases.BDDTC001_VerifyLogin -->
    </test> <!-- Test -->
  </suite> <!-- Suite -->
</testng-results>
